[29-Jul-2021 07:44:30 UTC] PHP Deprecated:  Required parameter $country follows optional parameter $original_fieldset in D:\xampp\htdocs\WORDPRESS\ongmapfood\wp-content\plugins\woo-checkout-field-editor-pro\checkout-form-designer.php on line 258
[29-Jul-2021 07:44:30 UTC] PHP Fatal error:  Array and string offset access syntax with curly braces is no longer supported in D:\xampp\htdocs\WORDPRESS\ongmapfood\wp-content\plugins\woocommerce\includes\wc-formatting-functions.php on line 762
[29-Jul-2021 07:44:33 UTC] PHP Deprecated:  Required parameter $country follows optional parameter $original_fieldset in D:\xampp\htdocs\WORDPRESS\ongmapfood\wp-content\plugins\woo-checkout-field-editor-pro\checkout-form-designer.php on line 258
[29-Jul-2021 07:44:33 UTC] PHP Fatal error:  Array and string offset access syntax with curly braces is no longer supported in D:\xampp\htdocs\WORDPRESS\ongmapfood\wp-content\plugins\woocommerce\includes\wc-formatting-functions.php on line 762
[29-Jul-2021 07:44:36 UTC] PHP Deprecated:  Required parameter $country follows optional parameter $original_fieldset in D:\xampp\htdocs\WORDPRESS\ongmapfood\wp-content\plugins\woo-checkout-field-editor-pro\checkout-form-designer.php on line 258
[29-Jul-2021 07:44:36 UTC] PHP Fatal error:  Array and string offset access syntax with curly braces is no longer supported in D:\xampp\htdocs\WORDPRESS\ongmapfood\wp-content\plugins\woocommerce\includes\wc-formatting-functions.php on line 762
[29-Jul-2021 07:44:40 UTC] PHP Deprecated:  Required parameter $country follows optional parameter $original_fieldset in D:\xampp\htdocs\WORDPRESS\ongmapfood\wp-content\plugins\woo-checkout-field-editor-pro\checkout-form-designer.php on line 258
[29-Jul-2021 07:44:40 UTC] PHP Fatal error:  Array and string offset access syntax with curly braces is no longer supported in D:\xampp\htdocs\WORDPRESS\ongmapfood\wp-content\plugins\woocommerce\includes\wc-formatting-functions.php on line 762
[29-Jul-2021 07:44:43 UTC] PHP Deprecated:  Required parameter $country follows optional parameter $original_fieldset in D:\xampp\htdocs\WORDPRESS\ongmapfood\wp-content\plugins\woo-checkout-field-editor-pro\checkout-form-designer.php on line 258
[29-Jul-2021 07:44:43 UTC] PHP Fatal error:  Array and string offset access syntax with curly braces is no longer supported in D:\xampp\htdocs\WORDPRESS\ongmapfood\wp-content\plugins\woocommerce\includes\wc-formatting-functions.php on line 762
[29-Jul-2021 07:44:47 UTC] PHP Deprecated:  Required parameter $country follows optional parameter $original_fieldset in D:\xampp\htdocs\WORDPRESS\ongmapfood\wp-content\plugins\woo-checkout-field-editor-pro\checkout-form-designer.php on line 258
[29-Jul-2021 07:44:47 UTC] PHP Fatal error:  Array and string offset access syntax with curly braces is no longer supported in D:\xampp\htdocs\WORDPRESS\ongmapfood\wp-content\plugins\woocommerce\includes\wc-formatting-functions.php on line 762
[29-Jul-2021 07:44:50 UTC] PHP Deprecated:  Required parameter $country follows optional parameter $original_fieldset in D:\xampp\htdocs\WORDPRESS\ongmapfood\wp-content\plugins\woo-checkout-field-editor-pro\checkout-form-designer.php on line 258
[29-Jul-2021 07:44:50 UTC] PHP Fatal error:  Array and string offset access syntax with curly braces is no longer supported in D:\xampp\htdocs\WORDPRESS\ongmapfood\wp-content\plugins\woocommerce\includes\wc-formatting-functions.php on line 762
[29-Jul-2021 07:44:52 UTC] PHP Deprecated:  Required parameter $country follows optional parameter $original_fieldset in D:\xampp\htdocs\WORDPRESS\ongmapfood\wp-content\plugins\woo-checkout-field-editor-pro\checkout-form-designer.php on line 258
[29-Jul-2021 07:44:52 UTC] PHP Fatal error:  Array and string offset access syntax with curly braces is no longer supported in D:\xampp\htdocs\WORDPRESS\ongmapfood\wp-content\plugins\woocommerce\includes\wc-formatting-functions.php on line 762
[29-Jul-2021 07:44:53 UTC] PHP Deprecated:  Required parameter $country follows optional parameter $original_fieldset in D:\xampp\htdocs\WORDPRESS\ongmapfood\wp-content\plugins\woo-checkout-field-editor-pro\checkout-form-designer.php on line 258
[29-Jul-2021 07:44:54 UTC] PHP Fatal error:  Array and string offset access syntax with curly braces is no longer supported in D:\xampp\htdocs\WORDPRESS\ongmapfood\wp-content\plugins\woocommerce\includes\wc-formatting-functions.php on line 762
[29-Jul-2021 07:44:57 UTC] PHP Deprecated:  Required parameter $country follows optional parameter $original_fieldset in D:\xampp\htdocs\WORDPRESS\ongmapfood\wp-content\plugins\woo-checkout-field-editor-pro\checkout-form-designer.php on line 258
[29-Jul-2021 07:44:57 UTC] PHP Fatal error:  Array and string offset access syntax with curly braces is no longer supported in D:\xampp\htdocs\WORDPRESS\ongmapfood\wp-content\plugins\woocommerce\includes\wc-formatting-functions.php on line 762
[29-Jul-2021 07:45:01 UTC] PHP Deprecated:  Required parameter $country follows optional parameter $original_fieldset in D:\xampp\htdocs\WORDPRESS\ongmapfood\wp-content\plugins\woo-checkout-field-editor-pro\checkout-form-designer.php on line 258
[29-Jul-2021 07:45:01 UTC] PHP Fatal error:  Array and string offset access syntax with curly braces is no longer supported in D:\xampp\htdocs\WORDPRESS\ongmapfood\wp-content\plugins\woocommerce\includes\wc-formatting-functions.php on line 762
[29-Jul-2021 07:45:04 UTC] PHP Deprecated:  Required parameter $country follows optional parameter $original_fieldset in D:\xampp\htdocs\WORDPRESS\ongmapfood\wp-content\plugins\woo-checkout-field-editor-pro\checkout-form-designer.php on line 258
[29-Jul-2021 07:45:04 UTC] PHP Fatal error:  Array and string offset access syntax with curly braces is no longer supported in D:\xampp\htdocs\WORDPRESS\ongmapfood\wp-content\plugins\woocommerce\includes\wc-formatting-functions.php on line 762
[29-Jul-2021 07:45:08 UTC] PHP Deprecated:  Required parameter $country follows optional parameter $original_fieldset in D:\xampp\htdocs\WORDPRESS\ongmapfood\wp-content\plugins\woo-checkout-field-editor-pro\checkout-form-designer.php on line 258
[29-Jul-2021 07:45:08 UTC] PHP Fatal error:  Array and string offset access syntax with curly braces is no longer supported in D:\xampp\htdocs\WORDPRESS\ongmapfood\wp-content\plugins\woocommerce\includes\wc-formatting-functions.php on line 762
[29-Jul-2021 07:45:11 UTC] PHP Deprecated:  Required parameter $country follows optional parameter $original_fieldset in D:\xampp\htdocs\WORDPRESS\ongmapfood\wp-content\plugins\woo-checkout-field-editor-pro\checkout-form-designer.php on line 258
[29-Jul-2021 07:45:11 UTC] PHP Fatal error:  Array and string offset access syntax with curly braces is no longer supported in D:\xampp\htdocs\WORDPRESS\ongmapfood\wp-content\plugins\woocommerce\includes\wc-formatting-functions.php on line 762
[29-Jul-2021 07:45:14 UTC] PHP Deprecated:  Required parameter $country follows optional parameter $original_fieldset in D:\xampp\htdocs\WORDPRESS\ongmapfood\wp-content\plugins\woo-checkout-field-editor-pro\checkout-form-designer.php on line 258
[29-Jul-2021 07:45:14 UTC] PHP Fatal error:  Array and string offset access syntax with curly braces is no longer supported in D:\xampp\htdocs\WORDPRESS\ongmapfood\wp-content\plugins\woocommerce\includes\wc-formatting-functions.php on line 762
[29-Jul-2021 07:45:18 UTC] PHP Deprecated:  Required parameter $country follows optional parameter $original_fieldset in D:\xampp\htdocs\WORDPRESS\ongmapfood\wp-content\plugins\woo-checkout-field-editor-pro\checkout-form-designer.php on line 258
[29-Jul-2021 07:45:18 UTC] PHP Fatal error:  Array and string offset access syntax with curly braces is no longer supported in D:\xampp\htdocs\WORDPRESS\ongmapfood\wp-content\plugins\woocommerce\includes\wc-formatting-functions.php on line 762
[29-Jul-2021 07:45:21 UTC] PHP Deprecated:  Required parameter $country follows optional parameter $original_fieldset in D:\xampp\htdocs\WORDPRESS\ongmapfood\wp-content\plugins\woo-checkout-field-editor-pro\checkout-form-designer.php on line 258
[29-Jul-2021 07:45:21 UTC] PHP Fatal error:  Array and string offset access syntax with curly braces is no longer supported in D:\xampp\htdocs\WORDPRESS\ongmapfood\wp-content\plugins\woocommerce\includes\wc-formatting-functions.php on line 762
[29-Jul-2021 07:45:24 UTC] PHP Deprecated:  Required parameter $country follows optional parameter $original_fieldset in D:\xampp\htdocs\WORDPRESS\ongmapfood\wp-content\plugins\woo-checkout-field-editor-pro\checkout-form-designer.php on line 258
[29-Jul-2021 07:45:24 UTC] PHP Fatal error:  Array and string offset access syntax with curly braces is no longer supported in D:\xampp\htdocs\WORDPRESS\ongmapfood\wp-content\plugins\woocommerce\includes\wc-formatting-functions.php on line 762
[29-Jul-2021 07:45:25 UTC] PHP Deprecated:  Required parameter $country follows optional parameter $original_fieldset in D:\xampp\htdocs\WORDPRESS\ongmapfood\wp-content\plugins\woo-checkout-field-editor-pro\checkout-form-designer.php on line 258
[29-Jul-2021 07:45:25 UTC] PHP Fatal error:  Array and string offset access syntax with curly braces is no longer supported in D:\xampp\htdocs\WORDPRESS\ongmapfood\wp-content\plugins\woocommerce\includes\wc-formatting-functions.php on line 762
[29-Jul-2021 07:45:28 UTC] PHP Deprecated:  Required parameter $country follows optional parameter $original_fieldset in D:\xampp\htdocs\WORDPRESS\ongmapfood\wp-content\plugins\woo-checkout-field-editor-pro\checkout-form-designer.php on line 258
[29-Jul-2021 07:45:28 UTC] PHP Fatal error:  Array and string offset access syntax with curly braces is no longer supported in D:\xampp\htdocs\WORDPRESS\ongmapfood\wp-content\plugins\woocommerce\includes\wc-formatting-functions.php on line 762
[29-Jul-2021 07:45:32 UTC] PHP Deprecated:  Required parameter $country follows optional parameter $original_fieldset in D:\xampp\htdocs\WORDPRESS\ongmapfood\wp-content\plugins\woo-checkout-field-editor-pro\checkout-form-designer.php on line 258
[29-Jul-2021 07:45:32 UTC] PHP Fatal error:  Array and string offset access syntax with curly braces is no longer supported in D:\xampp\htdocs\WORDPRESS\ongmapfood\wp-content\plugins\woocommerce\includes\wc-formatting-functions.php on line 762
[29-Jul-2021 07:45:35 UTC] PHP Deprecated:  Required parameter $country follows optional parameter $original_fieldset in D:\xampp\htdocs\WORDPRESS\ongmapfood\wp-content\plugins\woo-checkout-field-editor-pro\checkout-form-designer.php on line 258
[29-Jul-2021 07:45:35 UTC] PHP Fatal error:  Array and string offset access syntax with curly braces is no longer supported in D:\xampp\htdocs\WORDPRESS\ongmapfood\wp-content\plugins\woocommerce\includes\wc-formatting-functions.php on line 762
[29-Jul-2021 07:45:38 UTC] PHP Deprecated:  Required parameter $country follows optional parameter $original_fieldset in D:\xampp\htdocs\WORDPRESS\ongmapfood\wp-content\plugins\woo-checkout-field-editor-pro\checkout-form-designer.php on line 258
[29-Jul-2021 07:45:38 UTC] PHP Fatal error:  Array and string offset access syntax with curly braces is no longer supported in D:\xampp\htdocs\WORDPRESS\ongmapfood\wp-content\plugins\woocommerce\includes\wc-formatting-functions.php on line 762
[29-Jul-2021 07:45:42 UTC] PHP Deprecated:  Required parameter $country follows optional parameter $original_fieldset in D:\xampp\htdocs\WORDPRESS\ongmapfood\wp-content\plugins\woo-checkout-field-editor-pro\checkout-form-designer.php on line 258
[29-Jul-2021 07:45:42 UTC] PHP Fatal error:  Array and string offset access syntax with curly braces is no longer supported in D:\xampp\htdocs\WORDPRESS\ongmapfood\wp-content\plugins\woocommerce\includes\wc-formatting-functions.php on line 762
[29-Jul-2021 07:45:45 UTC] PHP Deprecated:  Required parameter $country follows optional parameter $original_fieldset in D:\xampp\htdocs\WORDPRESS\ongmapfood\wp-content\plugins\woo-checkout-field-editor-pro\checkout-form-designer.php on line 258
[29-Jul-2021 07:45:45 UTC] PHP Fatal error:  Array and string offset access syntax with curly braces is no longer supported in D:\xampp\htdocs\WORDPRESS\ongmapfood\wp-content\plugins\woocommerce\includes\wc-formatting-functions.php on line 762
[29-Jul-2021 07:45:48 UTC] PHP Deprecated:  Required parameter $country follows optional parameter $original_fieldset in D:\xampp\htdocs\WORDPRESS\ongmapfood\wp-content\plugins\woo-checkout-field-editor-pro\checkout-form-designer.php on line 258
[29-Jul-2021 07:45:48 UTC] PHP Fatal error:  Array and string offset access syntax with curly braces is no longer supported in D:\xampp\htdocs\WORDPRESS\ongmapfood\wp-content\plugins\woocommerce\includes\wc-formatting-functions.php on line 762
[29-Jul-2021 07:45:52 UTC] PHP Deprecated:  Required parameter $country follows optional parameter $original_fieldset in D:\xampp\htdocs\WORDPRESS\ongmapfood\wp-content\plugins\woo-checkout-field-editor-pro\checkout-form-designer.php on line 258
[29-Jul-2021 07:45:52 UTC] PHP Fatal error:  Array and string offset access syntax with curly braces is no longer supported in D:\xampp\htdocs\WORDPRESS\ongmapfood\wp-content\plugins\woocommerce\includes\wc-formatting-functions.php on line 762
[29-Jul-2021 07:45:55 UTC] PHP Deprecated:  Required parameter $country follows optional parameter $original_fieldset in D:\xampp\htdocs\WORDPRESS\ongmapfood\wp-content\plugins\woo-checkout-field-editor-pro\checkout-form-designer.php on line 258
[29-Jul-2021 07:45:55 UTC] PHP Fatal error:  Array and string offset access syntax with curly braces is no longer supported in D:\xampp\htdocs\WORDPRESS\ongmapfood\wp-content\plugins\woocommerce\includes\wc-formatting-functions.php on line 762
[29-Jul-2021 07:45:59 UTC] PHP Deprecated:  Required parameter $country follows optional parameter $original_fieldset in D:\xampp\htdocs\WORDPRESS\ongmapfood\wp-content\plugins\woo-checkout-field-editor-pro\checkout-form-designer.php on line 258
[29-Jul-2021 07:45:59 UTC] PHP Fatal error:  Array and string offset access syntax with curly braces is no longer supported in D:\xampp\htdocs\WORDPRESS\ongmapfood\wp-content\plugins\woocommerce\includes\wc-formatting-functions.php on line 762
[29-Jul-2021 07:46:00 UTC] PHP Deprecated:  Required parameter $country follows optional parameter $original_fieldset in D:\xampp\htdocs\WORDPRESS\ongmapfood\wp-content\plugins\woo-checkout-field-editor-pro\checkout-form-designer.php on line 258
[29-Jul-2021 07:46:00 UTC] PHP Fatal error:  Array and string offset access syntax with curly braces is no longer supported in D:\xampp\htdocs\WORDPRESS\ongmapfood\wp-content\plugins\woocommerce\includes\wc-formatting-functions.php on line 762
[29-Jul-2021 07:46:02 UTC] PHP Deprecated:  Required parameter $country follows optional parameter $original_fieldset in D:\xampp\htdocs\WORDPRESS\ongmapfood\wp-content\plugins\woo-checkout-field-editor-pro\checkout-form-designer.php on line 258
[29-Jul-2021 07:46:02 UTC] PHP Fatal error:  Array and string offset access syntax with curly braces is no longer supported in D:\xampp\htdocs\WORDPRESS\ongmapfood\wp-content\plugins\woocommerce\includes\wc-formatting-functions.php on line 762
[29-Jul-2021 07:46:05 UTC] PHP Deprecated:  Required parameter $country follows optional parameter $original_fieldset in D:\xampp\htdocs\WORDPRESS\ongmapfood\wp-content\plugins\woo-checkout-field-editor-pro\checkout-form-designer.php on line 258
[29-Jul-2021 07:46:05 UTC] PHP Fatal error:  Array and string offset access syntax with curly braces is no longer supported in D:\xampp\htdocs\WORDPRESS\ongmapfood\wp-content\plugins\woocommerce\includes\wc-formatting-functions.php on line 762
[29-Jul-2021 07:46:09 UTC] PHP Deprecated:  Required parameter $country follows optional parameter $original_fieldset in D:\xampp\htdocs\WORDPRESS\ongmapfood\wp-content\plugins\woo-checkout-field-editor-pro\checkout-form-designer.php on line 258
[29-Jul-2021 07:46:09 UTC] PHP Fatal error:  Array and string offset access syntax with curly braces is no longer supported in D:\xampp\htdocs\WORDPRESS\ongmapfood\wp-content\plugins\woocommerce\includes\wc-formatting-functions.php on line 762
[29-Jul-2021 07:46:12 UTC] PHP Deprecated:  Required parameter $country follows optional parameter $original_fieldset in D:\xampp\htdocs\WORDPRESS\ongmapfood\wp-content\plugins\woo-checkout-field-editor-pro\checkout-form-designer.php on line 258
[29-Jul-2021 07:46:13 UTC] PHP Fatal error:  Array and string offset access syntax with curly braces is no longer supported in D:\xampp\htdocs\WORDPRESS\ongmapfood\wp-content\plugins\woocommerce\includes\wc-formatting-functions.php on line 762
[29-Jul-2021 07:46:16 UTC] PHP Deprecated:  Required parameter $country follows optional parameter $original_fieldset in D:\xampp\htdocs\WORDPRESS\ongmapfood\wp-content\plugins\woo-checkout-field-editor-pro\checkout-form-designer.php on line 258
[29-Jul-2021 07:46:16 UTC] PHP Fatal error:  Array and string offset access syntax with curly braces is no longer supported in D:\xampp\htdocs\WORDPRESS\ongmapfood\wp-content\plugins\woocommerce\includes\wc-formatting-functions.php on line 762
[29-Jul-2021 07:46:19 UTC] PHP Deprecated:  Required parameter $country follows optional parameter $original_fieldset in D:\xampp\htdocs\WORDPRESS\ongmapfood\wp-content\plugins\woo-checkout-field-editor-pro\checkout-form-designer.php on line 258
[29-Jul-2021 07:46:19 UTC] PHP Fatal error:  Array and string offset access syntax with curly braces is no longer supported in D:\xampp\htdocs\WORDPRESS\ongmapfood\wp-content\plugins\woocommerce\includes\wc-formatting-functions.php on line 762
[29-Jul-2021 07:46:23 UTC] PHP Deprecated:  Required parameter $country follows optional parameter $original_fieldset in D:\xampp\htdocs\WORDPRESS\ongmapfood\wp-content\plugins\woo-checkout-field-editor-pro\checkout-form-designer.php on line 258
[29-Jul-2021 07:46:23 UTC] PHP Fatal error:  Array and string offset access syntax with curly braces is no longer supported in D:\xampp\htdocs\WORDPRESS\ongmapfood\wp-content\plugins\woocommerce\includes\wc-formatting-functions.php on line 762
[29-Jul-2021 07:46:27 UTC] PHP Deprecated:  Required parameter $country follows optional parameter $original_fieldset in D:\xampp\htdocs\WORDPRESS\ongmapfood\wp-content\plugins\woo-checkout-field-editor-pro\checkout-form-designer.php on line 258
[29-Jul-2021 07:46:27 UTC] PHP Fatal error:  Array and string offset access syntax with curly braces is no longer supported in D:\xampp\htdocs\WORDPRESS\ongmapfood\wp-content\plugins\woocommerce\includes\wc-formatting-functions.php on line 762
[29-Jul-2021 07:46:30 UTC] PHP Deprecated:  Required parameter $country follows optional parameter $original_fieldset in D:\xampp\htdocs\WORDPRESS\ongmapfood\wp-content\plugins\woo-checkout-field-editor-pro\checkout-form-designer.php on line 258
[29-Jul-2021 07:46:30 UTC] PHP Fatal error:  Array and string offset access syntax with curly braces is no longer supported in D:\xampp\htdocs\WORDPRESS\ongmapfood\wp-content\plugins\woocommerce\includes\wc-formatting-functions.php on line 762
[29-Jul-2021 07:46:33 UTC] PHP Deprecated:  Required parameter $country follows optional parameter $original_fieldset in D:\xampp\htdocs\WORDPRESS\ongmapfood\wp-content\plugins\woo-checkout-field-editor-pro\checkout-form-designer.php on line 258
[29-Jul-2021 07:46:33 UTC] PHP Fatal error:  Array and string offset access syntax with curly braces is no longer supported in D:\xampp\htdocs\WORDPRESS\ongmapfood\wp-content\plugins\woocommerce\includes\wc-formatting-functions.php on line 762
[29-Jul-2021 07:46:34 UTC] PHP Deprecated:  Required parameter $country follows optional parameter $original_fieldset in D:\xampp\htdocs\WORDPRESS\ongmapfood\wp-content\plugins\woo-checkout-field-editor-pro\checkout-form-designer.php on line 258
[29-Jul-2021 07:46:34 UTC] PHP Fatal error:  Array and string offset access syntax with curly braces is no longer supported in D:\xampp\htdocs\WORDPRESS\ongmapfood\wp-content\plugins\woocommerce\includes\wc-formatting-functions.php on line 762
[29-Jul-2021 07:46:37 UTC] PHP Deprecated:  Required parameter $country follows optional parameter $original_fieldset in D:\xampp\htdocs\WORDPRESS\ongmapfood\wp-content\plugins\woo-checkout-field-editor-pro\checkout-form-designer.php on line 258
[29-Jul-2021 07:46:37 UTC] PHP Fatal error:  Array and string offset access syntax with curly braces is no longer supported in D:\xampp\htdocs\WORDPRESS\ongmapfood\wp-content\plugins\woocommerce\includes\wc-formatting-functions.php on line 762
[29-Jul-2021 07:46:40 UTC] PHP Deprecated:  Required parameter $country follows optional parameter $original_fieldset in D:\xampp\htdocs\WORDPRESS\ongmapfood\wp-content\plugins\woo-checkout-field-editor-pro\checkout-form-designer.php on line 258
[29-Jul-2021 07:46:40 UTC] PHP Fatal error:  Array and string offset access syntax with curly braces is no longer supported in D:\xampp\htdocs\WORDPRESS\ongmapfood\wp-content\plugins\woocommerce\includes\wc-formatting-functions.php on line 762
[29-Jul-2021 07:46:44 UTC] PHP Deprecated:  Required parameter $country follows optional parameter $original_fieldset in D:\xampp\htdocs\WORDPRESS\ongmapfood\wp-content\plugins\woo-checkout-field-editor-pro\checkout-form-designer.php on line 258
[29-Jul-2021 07:46:44 UTC] PHP Fatal error:  Array and string offset access syntax with curly braces is no longer supported in D:\xampp\htdocs\WORDPRESS\ongmapfood\wp-content\plugins\woocommerce\includes\wc-formatting-functions.php on line 762
[29-Jul-2021 07:46:47 UTC] PHP Deprecated:  Required parameter $country follows optional parameter $original_fieldset in D:\xampp\htdocs\WORDPRESS\ongmapfood\wp-content\plugins\woo-checkout-field-editor-pro\checkout-form-designer.php on line 258
[29-Jul-2021 07:46:47 UTC] PHP Fatal error:  Array and string offset access syntax with curly braces is no longer supported in D:\xampp\htdocs\WORDPRESS\ongmapfood\wp-content\plugins\woocommerce\includes\wc-formatting-functions.php on line 762
[29-Jul-2021 07:46:51 UTC] PHP Deprecated:  Required parameter $country follows optional parameter $original_fieldset in D:\xampp\htdocs\WORDPRESS\ongmapfood\wp-content\plugins\woo-checkout-field-editor-pro\checkout-form-designer.php on line 258
[29-Jul-2021 07:46:51 UTC] PHP Fatal error:  Array and string offset access syntax with curly braces is no longer supported in D:\xampp\htdocs\WORDPRESS\ongmapfood\wp-content\plugins\woocommerce\includes\wc-formatting-functions.php on line 762
[29-Jul-2021 07:46:54 UTC] PHP Deprecated:  Required parameter $country follows optional parameter $original_fieldset in D:\xampp\htdocs\WORDPRESS\ongmapfood\wp-content\plugins\woo-checkout-field-editor-pro\checkout-form-designer.php on line 258
[29-Jul-2021 07:46:54 UTC] PHP Fatal error:  Array and string offset access syntax with curly braces is no longer supported in D:\xampp\htdocs\WORDPRESS\ongmapfood\wp-content\plugins\woocommerce\includes\wc-formatting-functions.php on line 762
[29-Jul-2021 07:46:58 UTC] PHP Deprecated:  Required parameter $country follows optional parameter $original_fieldset in D:\xampp\htdocs\WORDPRESS\ongmapfood\wp-content\plugins\woo-checkout-field-editor-pro\checkout-form-designer.php on line 258
[29-Jul-2021 07:46:58 UTC] PHP Fatal error:  Array and string offset access syntax with curly braces is no longer supported in D:\xampp\htdocs\WORDPRESS\ongmapfood\wp-content\plugins\woocommerce\includes\wc-formatting-functions.php on line 762
[29-Jul-2021 07:47:01 UTC] PHP Deprecated:  Required parameter $country follows optional parameter $original_fieldset in D:\xampp\htdocs\WORDPRESS\ongmapfood\wp-content\plugins\woo-checkout-field-editor-pro\checkout-form-designer.php on line 258
[29-Jul-2021 07:47:01 UTC] PHP Fatal error:  Array and string offset access syntax with curly braces is no longer supported in D:\xampp\htdocs\WORDPRESS\ongmapfood\wp-content\plugins\woocommerce\includes\wc-formatting-functions.php on line 762
[29-Jul-2021 07:47:05 UTC] PHP Deprecated:  Required parameter $country follows optional parameter $original_fieldset in D:\xampp\htdocs\WORDPRESS\ongmapfood\wp-content\plugins\woo-checkout-field-editor-pro\checkout-form-designer.php on line 258
[29-Jul-2021 07:47:05 UTC] PHP Fatal error:  Array and string offset access syntax with curly braces is no longer supported in D:\xampp\htdocs\WORDPRESS\ongmapfood\wp-content\plugins\woocommerce\includes\wc-formatting-functions.php on line 762
[29-Jul-2021 07:47:08 UTC] PHP Deprecated:  Required parameter $country follows optional parameter $original_fieldset in D:\xampp\htdocs\WORDPRESS\ongmapfood\wp-content\plugins\woo-checkout-field-editor-pro\checkout-form-designer.php on line 258
[29-Jul-2021 07:47:08 UTC] PHP Fatal error:  Array and string offset access syntax with curly braces is no longer supported in D:\xampp\htdocs\WORDPRESS\ongmapfood\wp-content\plugins\woocommerce\includes\wc-formatting-functions.php on line 762
[29-Jul-2021 07:47:10 UTC] PHP Deprecated:  Required parameter $country follows optional parameter $original_fieldset in D:\xampp\htdocs\WORDPRESS\ongmapfood\wp-content\plugins\woo-checkout-field-editor-pro\checkout-form-designer.php on line 258
[29-Jul-2021 07:47:10 UTC] PHP Fatal error:  Array and string offset access syntax with curly braces is no longer supported in D:\xampp\htdocs\WORDPRESS\ongmapfood\wp-content\plugins\woocommerce\includes\wc-formatting-functions.php on line 762
[29-Jul-2021 07:47:12 UTC] PHP Deprecated:  Required parameter $country follows optional parameter $original_fieldset in D:\xampp\htdocs\WORDPRESS\ongmapfood\wp-content\plugins\woo-checkout-field-editor-pro\checkout-form-designer.php on line 258
[29-Jul-2021 07:47:12 UTC] PHP Fatal error:  Array and string offset access syntax with curly braces is no longer supported in D:\xampp\htdocs\WORDPRESS\ongmapfood\wp-content\plugins\woocommerce\includes\wc-formatting-functions.php on line 762
[29-Jul-2021 07:47:15 UTC] PHP Deprecated:  Required parameter $country follows optional parameter $original_fieldset in D:\xampp\htdocs\WORDPRESS\ongmapfood\wp-content\plugins\woo-checkout-field-editor-pro\checkout-form-designer.php on line 258
[29-Jul-2021 07:47:15 UTC] PHP Fatal error:  Array and string offset access syntax with curly braces is no longer supported in D:\xampp\htdocs\WORDPRESS\ongmapfood\wp-content\plugins\woocommerce\includes\wc-formatting-functions.php on line 762
[29-Jul-2021 07:47:19 UTC] PHP Deprecated:  Required parameter $country follows optional parameter $original_fieldset in D:\xampp\htdocs\WORDPRESS\ongmapfood\wp-content\plugins\woo-checkout-field-editor-pro\checkout-form-designer.php on line 258
[29-Jul-2021 07:47:19 UTC] PHP Fatal error:  Array and string offset access syntax with curly braces is no longer supported in D:\xampp\htdocs\WORDPRESS\ongmapfood\wp-content\plugins\woocommerce\includes\wc-formatting-functions.php on line 762
[29-Jul-2021 07:47:22 UTC] PHP Deprecated:  Required parameter $country follows optional parameter $original_fieldset in D:\xampp\htdocs\WORDPRESS\ongmapfood\wp-content\plugins\woo-checkout-field-editor-pro\checkout-form-designer.php on line 258
[29-Jul-2021 07:47:22 UTC] PHP Fatal error:  Array and string offset access syntax with curly braces is no longer supported in D:\xampp\htdocs\WORDPRESS\ongmapfood\wp-content\plugins\woocommerce\includes\wc-formatting-functions.php on line 762
[29-Jul-2021 07:47:26 UTC] PHP Deprecated:  Required parameter $country follows optional parameter $original_fieldset in D:\xampp\htdocs\WORDPRESS\ongmapfood\wp-content\plugins\woo-checkout-field-editor-pro\checkout-form-designer.php on line 258
[29-Jul-2021 07:47:26 UTC] PHP Fatal error:  Array and string offset access syntax with curly braces is no longer supported in D:\xampp\htdocs\WORDPRESS\ongmapfood\wp-content\plugins\woocommerce\includes\wc-formatting-functions.php on line 762
[29-Jul-2021 07:47:29 UTC] PHP Deprecated:  Required parameter $country follows optional parameter $original_fieldset in D:\xampp\htdocs\WORDPRESS\ongmapfood\wp-content\plugins\woo-checkout-field-editor-pro\checkout-form-designer.php on line 258
[29-Jul-2021 07:47:29 UTC] PHP Fatal error:  Array and string offset access syntax with curly braces is no longer supported in D:\xampp\htdocs\WORDPRESS\ongmapfood\wp-content\plugins\woocommerce\includes\wc-formatting-functions.php on line 762
[29-Jul-2021 07:47:32 UTC] PHP Deprecated:  Required parameter $country follows optional parameter $original_fieldset in D:\xampp\htdocs\WORDPRESS\ongmapfood\wp-content\plugins\woo-checkout-field-editor-pro\checkout-form-designer.php on line 258
[29-Jul-2021 07:47:32 UTC] PHP Fatal error:  Array and string offset access syntax with curly braces is no longer supported in D:\xampp\htdocs\WORDPRESS\ongmapfood\wp-content\plugins\woocommerce\includes\wc-formatting-functions.php on line 762
[29-Jul-2021 07:47:36 UTC] PHP Deprecated:  Required parameter $country follows optional parameter $original_fieldset in D:\xampp\htdocs\WORDPRESS\ongmapfood\wp-content\plugins\woo-checkout-field-editor-pro\checkout-form-designer.php on line 258
[29-Jul-2021 07:47:36 UTC] PHP Fatal error:  Array and string offset access syntax with curly braces is no longer supported in D:\xampp\htdocs\WORDPRESS\ongmapfood\wp-content\plugins\woocommerce\includes\wc-formatting-functions.php on line 762
[29-Jul-2021 07:47:39 UTC] PHP Deprecated:  Required parameter $country follows optional parameter $original_fieldset in D:\xampp\htdocs\WORDPRESS\ongmapfood\wp-content\plugins\woo-checkout-field-editor-pro\checkout-form-designer.php on line 258
[29-Jul-2021 07:47:39 UTC] PHP Fatal error:  Array and string offset access syntax with curly braces is no longer supported in D:\xampp\htdocs\WORDPRESS\ongmapfood\wp-content\plugins\woocommerce\includes\wc-formatting-functions.php on line 762
[29-Jul-2021 07:47:43 UTC] PHP Deprecated:  Required parameter $country follows optional parameter $original_fieldset in D:\xampp\htdocs\WORDPRESS\ongmapfood\wp-content\plugins\woo-checkout-field-editor-pro\checkout-form-designer.php on line 258
[29-Jul-2021 07:47:43 UTC] PHP Fatal error:  Array and string offset access syntax with curly braces is no longer supported in D:\xampp\htdocs\WORDPRESS\ongmapfood\wp-content\plugins\woocommerce\includes\wc-formatting-functions.php on line 762
[29-Jul-2021 07:47:46 UTC] PHP Deprecated:  Required parameter $country follows optional parameter $original_fieldset in D:\xampp\htdocs\WORDPRESS\ongmapfood\wp-content\plugins\woo-checkout-field-editor-pro\checkout-form-designer.php on line 258
[29-Jul-2021 07:47:46 UTC] PHP Fatal error:  Array and string offset access syntax with curly braces is no longer supported in D:\xampp\htdocs\WORDPRESS\ongmapfood\wp-content\plugins\woocommerce\includes\wc-formatting-functions.php on line 762
[29-Jul-2021 07:47:47 UTC] PHP Deprecated:  Required parameter $country follows optional parameter $original_fieldset in D:\xampp\htdocs\WORDPRESS\ongmapfood\wp-content\plugins\woo-checkout-field-editor-pro\checkout-form-designer.php on line 258
[29-Jul-2021 07:47:47 UTC] PHP Fatal error:  Array and string offset access syntax with curly braces is no longer supported in D:\xampp\htdocs\WORDPRESS\ongmapfood\wp-content\plugins\woocommerce\includes\wc-formatting-functions.php on line 762
[29-Jul-2021 07:48:00 UTC] PHP Deprecated:  Required parameter $country follows optional parameter $original_fieldset in D:\xampp\htdocs\WORDPRESS\ongmapfood\wp-content\plugins\woo-checkout-field-editor-pro\checkout-form-designer.php on line 258
[29-Jul-2021 07:48:06 UTC] PHP Deprecated:  Required parameter $args follows optional parameter $depth in D:\xampp\htdocs\WORDPRESS\ongmapfood\wp-content\themes\flatsome\inc\structure\structure-header.php on line 82
[29-Jul-2021 07:48:06 UTC] PHP Deprecated:  Required parameter $output follows optional parameter $depth in D:\xampp\htdocs\WORDPRESS\ongmapfood\wp-content\themes\flatsome\inc\structure\structure-header.php on line 82
[29-Jul-2021 07:48:06 UTC] PHP Deprecated:  Required parameter $args follows optional parameter $depth in D:\xampp\htdocs\WORDPRESS\ongmapfood\wp-content\themes\flatsome\inc\structure\structure-header.php on line 202
[29-Jul-2021 07:48:06 UTC] PHP Deprecated:  Required parameter $output follows optional parameter $depth in D:\xampp\htdocs\WORDPRESS\ongmapfood\wp-content\themes\flatsome\inc\structure\structure-header.php on line 202
[29-Jul-2021 07:48:06 UTC] PHP Deprecated:  Required parameter $code follows optional parameter $content in D:\xampp\htdocs\WORDPRESS\ongmapfood\wp-content\themes\flatsome\inc\shortcodes\accordion.php on line 3
[29-Jul-2021 07:48:06 UTC] PHP Deprecated:  Required parameter $code follows optional parameter $content in D:\xampp\htdocs\WORDPRESS\ongmapfood\wp-content\themes\flatsome\inc\shortcodes\accordion.php on line 17
[29-Jul-2021 07:48:06 UTC] PHP Deprecated:  Required parameter $tag follows optional parameter $content in D:\xampp\htdocs\WORDPRESS\ongmapfood\wp-content\themes\flatsome\inc\shortcodes\tabs.php on line 3
[29-Jul-2021 07:48:06 UTC] PHP Deprecated:  Required parameter $tag follows optional parameter $content in D:\xampp\htdocs\WORDPRESS\ongmapfood\wp-content\themes\flatsome\inc\shortcodes\blog_posts.php on line 3
[29-Jul-2021 07:48:06 UTC] PHP Deprecated:  Required parameter $code follows optional parameter $content in D:\xampp\htdocs\WORDPRESS\ongmapfood\wp-content\themes\flatsome\inc\shortcodes\google_maps.php on line 3
[29-Jul-2021 07:48:06 UTC] PHP Deprecated:  Required parameter $code follows optional parameter $content in D:\xampp\htdocs\WORDPRESS\ongmapfood\wp-content\themes\flatsome\inc\shortcodes\item_list.php on line 4
[29-Jul-2021 07:48:06 UTC] PHP Deprecated:  Required parameter $code follows optional parameter $content in D:\xampp\htdocs\WORDPRESS\ongmapfood\wp-content\themes\flatsome\inc\shortcodes\item_list.php on line 13
[29-Jul-2021 07:48:06 UTC] PHP Deprecated:  Required parameter $tag follows optional parameter $content in D:\xampp\htdocs\WORDPRESS\ongmapfood\wp-content\themes\flatsome\inc\shortcodes\ux_products.php on line 4
[29-Jul-2021 07:48:06 UTC] PHP Deprecated:  Required parameter $tag follows optional parameter $content in D:\xampp\htdocs\WORDPRESS\ongmapfood\wp-content\themes\flatsome\inc\shortcodes\ux_products_list.php on line 4
[29-Jul-2021 07:48:06 UTC] PHP Deprecated:  Required parameter $tag follows optional parameter $content in D:\xampp\htdocs\WORDPRESS\ongmapfood\wp-content\themes\flatsome\inc\shortcodes\product_flip.php on line 4
[29-Jul-2021 07:48:06 UTC] PHP Deprecated:  Required parameter $tag follows optional parameter $content in D:\xampp\htdocs\WORDPRESS\ongmapfood\wp-content\themes\flatsome\inc\shortcodes\product_categories.php on line 4
[29-Jul-2021 07:48:13 UTC] PHP Deprecated:  Required parameter $country follows optional parameter $original_fieldset in D:\xampp\htdocs\WORDPRESS\ongmapfood\wp-content\plugins\woo-checkout-field-editor-pro\checkout-form-designer.php on line 258
[29-Jul-2021 07:48:13 UTC] PHP Deprecated:  Required parameter $args follows optional parameter $depth in D:\xampp\htdocs\WORDPRESS\ongmapfood\wp-content\themes\flatsome\inc\structure\structure-header.php on line 82
[29-Jul-2021 07:48:13 UTC] PHP Deprecated:  Required parameter $output follows optional parameter $depth in D:\xampp\htdocs\WORDPRESS\ongmapfood\wp-content\themes\flatsome\inc\structure\structure-header.php on line 82
[29-Jul-2021 07:48:13 UTC] PHP Deprecated:  Required parameter $args follows optional parameter $depth in D:\xampp\htdocs\WORDPRESS\ongmapfood\wp-content\themes\flatsome\inc\structure\structure-header.php on line 202
[29-Jul-2021 07:48:13 UTC] PHP Deprecated:  Required parameter $output follows optional parameter $depth in D:\xampp\htdocs\WORDPRESS\ongmapfood\wp-content\themes\flatsome\inc\structure\structure-header.php on line 202
[29-Jul-2021 07:48:13 UTC] PHP Deprecated:  Required parameter $code follows optional parameter $content in D:\xampp\htdocs\WORDPRESS\ongmapfood\wp-content\themes\flatsome\inc\shortcodes\accordion.php on line 3
[29-Jul-2021 07:48:13 UTC] PHP Deprecated:  Required parameter $code follows optional parameter $content in D:\xampp\htdocs\WORDPRESS\ongmapfood\wp-content\themes\flatsome\inc\shortcodes\accordion.php on line 17
[29-Jul-2021 07:48:13 UTC] PHP Deprecated:  Required parameter $tag follows optional parameter $content in D:\xampp\htdocs\WORDPRESS\ongmapfood\wp-content\themes\flatsome\inc\shortcodes\tabs.php on line 3
[29-Jul-2021 07:48:13 UTC] PHP Deprecated:  Required parameter $tag follows optional parameter $content in D:\xampp\htdocs\WORDPRESS\ongmapfood\wp-content\themes\flatsome\inc\shortcodes\blog_posts.php on line 3
[29-Jul-2021 07:48:13 UTC] PHP Deprecated:  Required parameter $code follows optional parameter $content in D:\xampp\htdocs\WORDPRESS\ongmapfood\wp-content\themes\flatsome\inc\shortcodes\google_maps.php on line 3
[29-Jul-2021 07:48:13 UTC] PHP Deprecated:  Required parameter $code follows optional parameter $content in D:\xampp\htdocs\WORDPRESS\ongmapfood\wp-content\themes\flatsome\inc\shortcodes\item_list.php on line 4
[29-Jul-2021 07:48:13 UTC] PHP Deprecated:  Required parameter $code follows optional parameter $content in D:\xampp\htdocs\WORDPRESS\ongmapfood\wp-content\themes\flatsome\inc\shortcodes\item_list.php on line 13
[29-Jul-2021 07:48:13 UTC] PHP Deprecated:  Required parameter $tag follows optional parameter $content in D:\xampp\htdocs\WORDPRESS\ongmapfood\wp-content\themes\flatsome\inc\shortcodes\ux_products.php on line 4
[29-Jul-2021 07:48:13 UTC] PHP Deprecated:  Required parameter $tag follows optional parameter $content in D:\xampp\htdocs\WORDPRESS\ongmapfood\wp-content\themes\flatsome\inc\shortcodes\ux_products_list.php on line 4
[29-Jul-2021 07:48:13 UTC] PHP Deprecated:  Required parameter $tag follows optional parameter $content in D:\xampp\htdocs\WORDPRESS\ongmapfood\wp-content\themes\flatsome\inc\shortcodes\product_flip.php on line 4
[29-Jul-2021 07:48:13 UTC] PHP Deprecated:  Required parameter $tag follows optional parameter $content in D:\xampp\htdocs\WORDPRESS\ongmapfood\wp-content\themes\flatsome\inc\shortcodes\product_categories.php on line 4
[29-Jul-2021 07:48:24 UTC] PHP Deprecated:  Required parameter $country follows optional parameter $original_fieldset in D:\xampp\htdocs\WORDPRESS\ongmapfood\wp-content\plugins\woo-checkout-field-editor-pro\checkout-form-designer.php on line 258
[29-Jul-2021 07:48:24 UTC] PHP Deprecated:  Required parameter $args follows optional parameter $depth in D:\xampp\htdocs\WORDPRESS\ongmapfood\wp-content\themes\flatsome\inc\structure\structure-header.php on line 82
[29-Jul-2021 07:48:24 UTC] PHP Deprecated:  Required parameter $output follows optional parameter $depth in D:\xampp\htdocs\WORDPRESS\ongmapfood\wp-content\themes\flatsome\inc\structure\structure-header.php on line 82
[29-Jul-2021 07:48:24 UTC] PHP Deprecated:  Required parameter $args follows optional parameter $depth in D:\xampp\htdocs\WORDPRESS\ongmapfood\wp-content\themes\flatsome\inc\structure\structure-header.php on line 202
[29-Jul-2021 07:48:24 UTC] PHP Deprecated:  Required parameter $output follows optional parameter $depth in D:\xampp\htdocs\WORDPRESS\ongmapfood\wp-content\themes\flatsome\inc\structure\structure-header.php on line 202
[29-Jul-2021 07:48:24 UTC] PHP Deprecated:  Required parameter $code follows optional parameter $content in D:\xampp\htdocs\WORDPRESS\ongmapfood\wp-content\themes\flatsome\inc\shortcodes\accordion.php on line 3
[29-Jul-2021 07:48:24 UTC] PHP Deprecated:  Required parameter $code follows optional parameter $content in D:\xampp\htdocs\WORDPRESS\ongmapfood\wp-content\themes\flatsome\inc\shortcodes\accordion.php on line 17
[29-Jul-2021 07:48:24 UTC] PHP Deprecated:  Required parameter $tag follows optional parameter $content in D:\xampp\htdocs\WORDPRESS\ongmapfood\wp-content\themes\flatsome\inc\shortcodes\tabs.php on line 3
[29-Jul-2021 07:48:24 UTC] PHP Deprecated:  Required parameter $tag follows optional parameter $content in D:\xampp\htdocs\WORDPRESS\ongmapfood\wp-content\themes\flatsome\inc\shortcodes\blog_posts.php on line 3
[29-Jul-2021 07:48:24 UTC] PHP Deprecated:  Required parameter $code follows optional parameter $content in D:\xampp\htdocs\WORDPRESS\ongmapfood\wp-content\themes\flatsome\inc\shortcodes\google_maps.php on line 3
[29-Jul-2021 07:48:24 UTC] PHP Deprecated:  Required parameter $code follows optional parameter $content in D:\xampp\htdocs\WORDPRESS\ongmapfood\wp-content\themes\flatsome\inc\shortcodes\item_list.php on line 4
[29-Jul-2021 07:48:24 UTC] PHP Deprecated:  Required parameter $code follows optional parameter $content in D:\xampp\htdocs\WORDPRESS\ongmapfood\wp-content\themes\flatsome\inc\shortcodes\item_list.php on line 13
[29-Jul-2021 07:48:24 UTC] PHP Deprecated:  Required parameter $tag follows optional parameter $content in D:\xampp\htdocs\WORDPRESS\ongmapfood\wp-content\themes\flatsome\inc\shortcodes\ux_products.php on line 4
[29-Jul-2021 07:48:24 UTC] PHP Deprecated:  Required parameter $tag follows optional parameter $content in D:\xampp\htdocs\WORDPRESS\ongmapfood\wp-content\themes\flatsome\inc\shortcodes\ux_products_list.php on line 4
[29-Jul-2021 07:48:24 UTC] PHP Deprecated:  Required parameter $tag follows optional parameter $content in D:\xampp\htdocs\WORDPRESS\ongmapfood\wp-content\themes\flatsome\inc\shortcodes\product_flip.php on line 4
[29-Jul-2021 07:48:24 UTC] PHP Deprecated:  Required parameter $tag follows optional parameter $content in D:\xampp\htdocs\WORDPRESS\ongmapfood\wp-content\themes\flatsome\inc\shortcodes\product_categories.php on line 4
[29-Jul-2021 07:48:25 UTC] PHP Deprecated:  Required parameter $country follows optional parameter $original_fieldset in D:\xampp\htdocs\WORDPRESS\ongmapfood\wp-content\plugins\woo-checkout-field-editor-pro\checkout-form-designer.php on line 258
[29-Jul-2021 07:48:25 UTC] PHP Deprecated:  Required parameter $args follows optional parameter $depth in D:\xampp\htdocs\WORDPRESS\ongmapfood\wp-content\themes\flatsome\inc\structure\structure-header.php on line 82
[29-Jul-2021 07:48:25 UTC] PHP Deprecated:  Required parameter $output follows optional parameter $depth in D:\xampp\htdocs\WORDPRESS\ongmapfood\wp-content\themes\flatsome\inc\structure\structure-header.php on line 82
[29-Jul-2021 07:48:25 UTC] PHP Deprecated:  Required parameter $args follows optional parameter $depth in D:\xampp\htdocs\WORDPRESS\ongmapfood\wp-content\themes\flatsome\inc\structure\structure-header.php on line 202
[29-Jul-2021 07:48:25 UTC] PHP Deprecated:  Required parameter $output follows optional parameter $depth in D:\xampp\htdocs\WORDPRESS\ongmapfood\wp-content\themes\flatsome\inc\structure\structure-header.php on line 202
[29-Jul-2021 07:48:25 UTC] PHP Deprecated:  Required parameter $code follows optional parameter $content in D:\xampp\htdocs\WORDPRESS\ongmapfood\wp-content\themes\flatsome\inc\shortcodes\accordion.php on line 3
[29-Jul-2021 07:48:25 UTC] PHP Deprecated:  Required parameter $code follows optional parameter $content in D:\xampp\htdocs\WORDPRESS\ongmapfood\wp-content\themes\flatsome\inc\shortcodes\accordion.php on line 17
[29-Jul-2021 07:48:25 UTC] PHP Deprecated:  Required parameter $tag follows optional parameter $content in D:\xampp\htdocs\WORDPRESS\ongmapfood\wp-content\themes\flatsome\inc\shortcodes\tabs.php on line 3
[29-Jul-2021 07:48:25 UTC] PHP Deprecated:  Required parameter $tag follows optional parameter $content in D:\xampp\htdocs\WORDPRESS\ongmapfood\wp-content\themes\flatsome\inc\shortcodes\blog_posts.php on line 3
[29-Jul-2021 07:48:25 UTC] PHP Deprecated:  Required parameter $code follows optional parameter $content in D:\xampp\htdocs\WORDPRESS\ongmapfood\wp-content\themes\flatsome\inc\shortcodes\google_maps.php on line 3
[29-Jul-2021 07:48:25 UTC] PHP Deprecated:  Required parameter $code follows optional parameter $content in D:\xampp\htdocs\WORDPRESS\ongmapfood\wp-content\themes\flatsome\inc\shortcodes\item_list.php on line 4
[29-Jul-2021 07:48:25 UTC] PHP Deprecated:  Required parameter $code follows optional parameter $content in D:\xampp\htdocs\WORDPRESS\ongmapfood\wp-content\themes\flatsome\inc\shortcodes\item_list.php on line 13
[29-Jul-2021 07:48:25 UTC] PHP Deprecated:  Required parameter $tag follows optional parameter $content in D:\xampp\htdocs\WORDPRESS\ongmapfood\wp-content\themes\flatsome\inc\shortcodes\ux_products.php on line 4
[29-Jul-2021 07:48:25 UTC] PHP Deprecated:  Required parameter $tag follows optional parameter $content in D:\xampp\htdocs\WORDPRESS\ongmapfood\wp-content\themes\flatsome\inc\shortcodes\ux_products_list.php on line 4
[29-Jul-2021 07:48:25 UTC] PHP Deprecated:  Required parameter $tag follows optional parameter $content in D:\xampp\htdocs\WORDPRESS\ongmapfood\wp-content\themes\flatsome\inc\shortcodes\product_flip.php on line 4
[29-Jul-2021 07:48:25 UTC] PHP Deprecated:  Required parameter $tag follows optional parameter $content in D:\xampp\htdocs\WORDPRESS\ongmapfood\wp-content\themes\flatsome\inc\shortcodes\product_categories.php on line 4
[29-Jul-2021 07:48:26 UTC] PHP Deprecated:  Required parameter $country follows optional parameter $original_fieldset in D:\xampp\htdocs\WORDPRESS\ongmapfood\wp-content\plugins\woo-checkout-field-editor-pro\checkout-form-designer.php on line 258
[29-Jul-2021 07:48:26 UTC] PHP Deprecated:  Required parameter $args follows optional parameter $depth in D:\xampp\htdocs\WORDPRESS\ongmapfood\wp-content\themes\flatsome\inc\structure\structure-header.php on line 82
[29-Jul-2021 07:48:26 UTC] PHP Deprecated:  Required parameter $output follows optional parameter $depth in D:\xampp\htdocs\WORDPRESS\ongmapfood\wp-content\themes\flatsome\inc\structure\structure-header.php on line 82
[29-Jul-2021 07:48:26 UTC] PHP Deprecated:  Required parameter $args follows optional parameter $depth in D:\xampp\htdocs\WORDPRESS\ongmapfood\wp-content\themes\flatsome\inc\structure\structure-header.php on line 202
[29-Jul-2021 07:48:26 UTC] PHP Deprecated:  Required parameter $output follows optional parameter $depth in D:\xampp\htdocs\WORDPRESS\ongmapfood\wp-content\themes\flatsome\inc\structure\structure-header.php on line 202
[29-Jul-2021 07:48:26 UTC] PHP Deprecated:  Required parameter $code follows optional parameter $content in D:\xampp\htdocs\WORDPRESS\ongmapfood\wp-content\themes\flatsome\inc\shortcodes\accordion.php on line 3
[29-Jul-2021 07:48:26 UTC] PHP Deprecated:  Required parameter $code follows optional parameter $content in D:\xampp\htdocs\WORDPRESS\ongmapfood\wp-content\themes\flatsome\inc\shortcodes\accordion.php on line 17
[29-Jul-2021 07:48:26 UTC] PHP Deprecated:  Required parameter $tag follows optional parameter $content in D:\xampp\htdocs\WORDPRESS\ongmapfood\wp-content\themes\flatsome\inc\shortcodes\tabs.php on line 3
[29-Jul-2021 07:48:26 UTC] PHP Deprecated:  Required parameter $tag follows optional parameter $content in D:\xampp\htdocs\WORDPRESS\ongmapfood\wp-content\themes\flatsome\inc\shortcodes\blog_posts.php on line 3
[29-Jul-2021 07:48:26 UTC] PHP Deprecated:  Required parameter $code follows optional parameter $content in D:\xampp\htdocs\WORDPRESS\ongmapfood\wp-content\themes\flatsome\inc\shortcodes\google_maps.php on line 3
[29-Jul-2021 07:48:26 UTC] PHP Deprecated:  Required parameter $code follows optional parameter $content in D:\xampp\htdocs\WORDPRESS\ongmapfood\wp-content\themes\flatsome\inc\shortcodes\item_list.php on line 4
[29-Jul-2021 07:48:26 UTC] PHP Deprecated:  Required parameter $code follows optional parameter $content in D:\xampp\htdocs\WORDPRESS\ongmapfood\wp-content\themes\flatsome\inc\shortcodes\item_list.php on line 13
[29-Jul-2021 07:48:26 UTC] PHP Deprecated:  Required parameter $tag follows optional parameter $content in D:\xampp\htdocs\WORDPRESS\ongmapfood\wp-content\themes\flatsome\inc\shortcodes\ux_products.php on line 4
[29-Jul-2021 07:48:26 UTC] PHP Deprecated:  Required parameter $tag follows optional parameter $content in D:\xampp\htdocs\WORDPRESS\ongmapfood\wp-content\themes\flatsome\inc\shortcodes\ux_products_list.php on line 4
[29-Jul-2021 07:48:26 UTC] PHP Deprecated:  Required parameter $tag follows optional parameter $content in D:\xampp\htdocs\WORDPRESS\ongmapfood\wp-content\themes\flatsome\inc\shortcodes\product_flip.php on line 4
[29-Jul-2021 07:48:26 UTC] PHP Deprecated:  Required parameter $tag follows optional parameter $content in D:\xampp\htdocs\WORDPRESS\ongmapfood\wp-content\themes\flatsome\inc\shortcodes\product_categories.php on line 4
[29-Jul-2021 07:48:27 UTC] PHP Deprecated:  Required parameter $country follows optional parameter $original_fieldset in D:\xampp\htdocs\WORDPRESS\ongmapfood\wp-content\plugins\woo-checkout-field-editor-pro\checkout-form-designer.php on line 258
[29-Jul-2021 07:48:28 UTC] PHP Deprecated:  Required parameter $args follows optional parameter $depth in D:\xampp\htdocs\WORDPRESS\ongmapfood\wp-content\themes\flatsome\inc\structure\structure-header.php on line 82
[29-Jul-2021 07:48:28 UTC] PHP Deprecated:  Required parameter $output follows optional parameter $depth in D:\xampp\htdocs\WORDPRESS\ongmapfood\wp-content\themes\flatsome\inc\structure\structure-header.php on line 82
[29-Jul-2021 07:48:28 UTC] PHP Deprecated:  Required parameter $args follows optional parameter $depth in D:\xampp\htdocs\WORDPRESS\ongmapfood\wp-content\themes\flatsome\inc\structure\structure-header.php on line 202
[29-Jul-2021 07:48:28 UTC] PHP Deprecated:  Required parameter $output follows optional parameter $depth in D:\xampp\htdocs\WORDPRESS\ongmapfood\wp-content\themes\flatsome\inc\structure\structure-header.php on line 202
[29-Jul-2021 07:48:28 UTC] PHP Deprecated:  Required parameter $code follows optional parameter $content in D:\xampp\htdocs\WORDPRESS\ongmapfood\wp-content\themes\flatsome\inc\shortcodes\accordion.php on line 3
[29-Jul-2021 07:48:28 UTC] PHP Deprecated:  Required parameter $code follows optional parameter $content in D:\xampp\htdocs\WORDPRESS\ongmapfood\wp-content\themes\flatsome\inc\shortcodes\accordion.php on line 17
[29-Jul-2021 07:48:28 UTC] PHP Deprecated:  Required parameter $tag follows optional parameter $content in D:\xampp\htdocs\WORDPRESS\ongmapfood\wp-content\themes\flatsome\inc\shortcodes\tabs.php on line 3
[29-Jul-2021 07:48:28 UTC] PHP Deprecated:  Required parameter $tag follows optional parameter $content in D:\xampp\htdocs\WORDPRESS\ongmapfood\wp-content\themes\flatsome\inc\shortcodes\blog_posts.php on line 3
[29-Jul-2021 07:48:28 UTC] PHP Deprecated:  Required parameter $code follows optional parameter $content in D:\xampp\htdocs\WORDPRESS\ongmapfood\wp-content\themes\flatsome\inc\shortcodes\google_maps.php on line 3
[29-Jul-2021 07:48:28 UTC] PHP Deprecated:  Required parameter $code follows optional parameter $content in D:\xampp\htdocs\WORDPRESS\ongmapfood\wp-content\themes\flatsome\inc\shortcodes\item_list.php on line 4
[29-Jul-2021 07:48:28 UTC] PHP Deprecated:  Required parameter $code follows optional parameter $content in D:\xampp\htdocs\WORDPRESS\ongmapfood\wp-content\themes\flatsome\inc\shortcodes\item_list.php on line 13
[29-Jul-2021 07:48:28 UTC] PHP Deprecated:  Required parameter $tag follows optional parameter $content in D:\xampp\htdocs\WORDPRESS\ongmapfood\wp-content\themes\flatsome\inc\shortcodes\ux_products.php on line 4
[29-Jul-2021 07:48:28 UTC] PHP Deprecated:  Required parameter $tag follows optional parameter $content in D:\xampp\htdocs\WORDPRESS\ongmapfood\wp-content\themes\flatsome\inc\shortcodes\ux_products_list.php on line 4
[29-Jul-2021 07:48:28 UTC] PHP Deprecated:  Required parameter $tag follows optional parameter $content in D:\xampp\htdocs\WORDPRESS\ongmapfood\wp-content\themes\flatsome\inc\shortcodes\product_flip.php on line 4
[29-Jul-2021 07:48:28 UTC] PHP Deprecated:  Required parameter $tag follows optional parameter $content in D:\xampp\htdocs\WORDPRESS\ongmapfood\wp-content\themes\flatsome\inc\shortcodes\product_categories.php on line 4
[29-Jul-2021 07:48:30 UTC] PHP Deprecated:  Required parameter $country follows optional parameter $original_fieldset in D:\xampp\htdocs\WORDPRESS\ongmapfood\wp-content\plugins\woo-checkout-field-editor-pro\checkout-form-designer.php on line 258
[29-Jul-2021 07:48:30 UTC] PHP Deprecated:  Required parameter $args follows optional parameter $depth in D:\xampp\htdocs\WORDPRESS\ongmapfood\wp-content\themes\flatsome\inc\structure\structure-header.php on line 82
[29-Jul-2021 07:48:30 UTC] PHP Deprecated:  Required parameter $output follows optional parameter $depth in D:\xampp\htdocs\WORDPRESS\ongmapfood\wp-content\themes\flatsome\inc\structure\structure-header.php on line 82
[29-Jul-2021 07:48:30 UTC] PHP Deprecated:  Required parameter $args follows optional parameter $depth in D:\xampp\htdocs\WORDPRESS\ongmapfood\wp-content\themes\flatsome\inc\structure\structure-header.php on line 202
[29-Jul-2021 07:48:30 UTC] PHP Deprecated:  Required parameter $output follows optional parameter $depth in D:\xampp\htdocs\WORDPRESS\ongmapfood\wp-content\themes\flatsome\inc\structure\structure-header.php on line 202
[29-Jul-2021 07:48:30 UTC] PHP Deprecated:  Required parameter $code follows optional parameter $content in D:\xampp\htdocs\WORDPRESS\ongmapfood\wp-content\themes\flatsome\inc\shortcodes\accordion.php on line 3
[29-Jul-2021 07:48:30 UTC] PHP Deprecated:  Required parameter $code follows optional parameter $content in D:\xampp\htdocs\WORDPRESS\ongmapfood\wp-content\themes\flatsome\inc\shortcodes\accordion.php on line 17
[29-Jul-2021 07:48:30 UTC] PHP Deprecated:  Required parameter $tag follows optional parameter $content in D:\xampp\htdocs\WORDPRESS\ongmapfood\wp-content\themes\flatsome\inc\shortcodes\tabs.php on line 3
[29-Jul-2021 07:48:30 UTC] PHP Deprecated:  Required parameter $tag follows optional parameter $content in D:\xampp\htdocs\WORDPRESS\ongmapfood\wp-content\themes\flatsome\inc\shortcodes\blog_posts.php on line 3
[29-Jul-2021 07:48:30 UTC] PHP Deprecated:  Required parameter $code follows optional parameter $content in D:\xampp\htdocs\WORDPRESS\ongmapfood\wp-content\themes\flatsome\inc\shortcodes\google_maps.php on line 3
[29-Jul-2021 07:48:30 UTC] PHP Deprecated:  Required parameter $code follows optional parameter $content in D:\xampp\htdocs\WORDPRESS\ongmapfood\wp-content\themes\flatsome\inc\shortcodes\item_list.php on line 4
[29-Jul-2021 07:48:30 UTC] PHP Deprecated:  Required parameter $code follows optional parameter $content in D:\xampp\htdocs\WORDPRESS\ongmapfood\wp-content\themes\flatsome\inc\shortcodes\item_list.php on line 13
[29-Jul-2021 07:48:30 UTC] PHP Deprecated:  Required parameter $tag follows optional parameter $content in D:\xampp\htdocs\WORDPRESS\ongmapfood\wp-content\themes\flatsome\inc\shortcodes\ux_products.php on line 4
[29-Jul-2021 07:48:30 UTC] PHP Deprecated:  Required parameter $tag follows optional parameter $content in D:\xampp\htdocs\WORDPRESS\ongmapfood\wp-content\themes\flatsome\inc\shortcodes\ux_products_list.php on line 4
[29-Jul-2021 07:48:30 UTC] PHP Deprecated:  Required parameter $tag follows optional parameter $content in D:\xampp\htdocs\WORDPRESS\ongmapfood\wp-content\themes\flatsome\inc\shortcodes\product_flip.php on line 4
[29-Jul-2021 07:48:30 UTC] PHP Deprecated:  Required parameter $tag follows optional parameter $content in D:\xampp\htdocs\WORDPRESS\ongmapfood\wp-content\themes\flatsome\inc\shortcodes\product_categories.php on line 4
[29-Jul-2021 07:48:32 UTC] PHP Deprecated:  Required parameter $country follows optional parameter $original_fieldset in D:\xampp\htdocs\WORDPRESS\ongmapfood\wp-content\plugins\woo-checkout-field-editor-pro\checkout-form-designer.php on line 258
[29-Jul-2021 07:48:33 UTC] PHP Deprecated:  Required parameter $args follows optional parameter $depth in D:\xampp\htdocs\WORDPRESS\ongmapfood\wp-content\themes\flatsome\inc\structure\structure-header.php on line 82
[29-Jul-2021 07:48:33 UTC] PHP Deprecated:  Required parameter $output follows optional parameter $depth in D:\xampp\htdocs\WORDPRESS\ongmapfood\wp-content\themes\flatsome\inc\structure\structure-header.php on line 82
[29-Jul-2021 07:48:33 UTC] PHP Deprecated:  Required parameter $args follows optional parameter $depth in D:\xampp\htdocs\WORDPRESS\ongmapfood\wp-content\themes\flatsome\inc\structure\structure-header.php on line 202
[29-Jul-2021 07:48:33 UTC] PHP Deprecated:  Required parameter $output follows optional parameter $depth in D:\xampp\htdocs\WORDPRESS\ongmapfood\wp-content\themes\flatsome\inc\structure\structure-header.php on line 202
[29-Jul-2021 07:48:33 UTC] PHP Deprecated:  Required parameter $code follows optional parameter $content in D:\xampp\htdocs\WORDPRESS\ongmapfood\wp-content\themes\flatsome\inc\shortcodes\accordion.php on line 3
[29-Jul-2021 07:48:33 UTC] PHP Deprecated:  Required parameter $code follows optional parameter $content in D:\xampp\htdocs\WORDPRESS\ongmapfood\wp-content\themes\flatsome\inc\shortcodes\accordion.php on line 17
[29-Jul-2021 07:48:33 UTC] PHP Deprecated:  Required parameter $tag follows optional parameter $content in D:\xampp\htdocs\WORDPRESS\ongmapfood\wp-content\themes\flatsome\inc\shortcodes\tabs.php on line 3
[29-Jul-2021 07:48:33 UTC] PHP Deprecated:  Required parameter $tag follows optional parameter $content in D:\xampp\htdocs\WORDPRESS\ongmapfood\wp-content\themes\flatsome\inc\shortcodes\blog_posts.php on line 3
[29-Jul-2021 07:48:33 UTC] PHP Deprecated:  Required parameter $code follows optional parameter $content in D:\xampp\htdocs\WORDPRESS\ongmapfood\wp-content\themes\flatsome\inc\shortcodes\google_maps.php on line 3
[29-Jul-2021 07:48:33 UTC] PHP Deprecated:  Required parameter $code follows optional parameter $content in D:\xampp\htdocs\WORDPRESS\ongmapfood\wp-content\themes\flatsome\inc\shortcodes\item_list.php on line 4
[29-Jul-2021 07:48:33 UTC] PHP Deprecated:  Required parameter $code follows optional parameter $content in D:\xampp\htdocs\WORDPRESS\ongmapfood\wp-content\themes\flatsome\inc\shortcodes\item_list.php on line 13
[29-Jul-2021 07:48:33 UTC] PHP Deprecated:  Required parameter $tag follows optional parameter $content in D:\xampp\htdocs\WORDPRESS\ongmapfood\wp-content\themes\flatsome\inc\shortcodes\ux_products.php on line 4
[29-Jul-2021 07:48:33 UTC] PHP Deprecated:  Required parameter $tag follows optional parameter $content in D:\xampp\htdocs\WORDPRESS\ongmapfood\wp-content\themes\flatsome\inc\shortcodes\ux_products_list.php on line 4
[29-Jul-2021 07:48:33 UTC] PHP Deprecated:  Required parameter $tag follows optional parameter $content in D:\xampp\htdocs\WORDPRESS\ongmapfood\wp-content\themes\flatsome\inc\shortcodes\product_flip.php on line 4
[29-Jul-2021 07:48:33 UTC] PHP Deprecated:  Required parameter $tag follows optional parameter $content in D:\xampp\htdocs\WORDPRESS\ongmapfood\wp-content\themes\flatsome\inc\shortcodes\product_categories.php on line 4
