2021-07-27T21:29:49+00:00 INFO Queuing 3.4.0 - wc_update_340_states
2021-07-27T21:29:49+00:00 INFO Queuing 3.4.0 - wc_update_340_state
2021-07-27T21:29:49+00:00 INFO Queuing 3.4.0 - wc_update_340_last_active
2021-07-27T21:29:49+00:00 INFO Queuing 3.4.0 - wc_update_340_db_version
2021-07-27T21:29:49+00:00 INFO Queuing 3.4.3 - wc_update_343_cleanup_foreign_keys
2021-07-27T21:29:49+00:00 INFO Queuing 3.4.3 - wc_update_343_db_version
2021-07-27T21:29:50+00:00 INFO Running wc_update_340_states callback
2021-07-27T21:29:50+00:00 INFO Finished running wc_update_340_states callback
2021-07-27T21:29:50+00:00 INFO Running wc_update_340_state callback
2021-07-27T21:29:50+00:00 INFO wc_update_340_state callback needs to run again
2021-07-27T21:29:50+00:00 INFO Running wc_update_340_last_active callback
2021-07-27T21:29:50+00:00 INFO Finished running wc_update_340_last_active callback
2021-07-27T21:29:50+00:00 INFO Running wc_update_340_db_version callback
2021-07-27T21:29:50+00:00 INFO Finished running wc_update_340_db_version callback
2021-07-27T21:29:50+00:00 INFO Running wc_update_343_cleanup_foreign_keys callback
2021-07-27T21:29:50+00:00 INFO Finished running wc_update_343_cleanup_foreign_keys callback
2021-07-27T21:29:50+00:00 INFO Running wc_update_343_db_version callback
2021-07-27T21:29:50+00:00 INFO Finished running wc_update_343_db_version callback
2021-07-27T21:29:50+00:00 INFO Running wc_update_340_state callback
2021-07-27T21:29:50+00:00 INFO wc_update_340_state callback needs to run again
2021-07-27T21:29:50+00:00 INFO Running wc_update_340_state callback
2021-07-27T21:29:50+00:00 INFO wc_update_340_state callback needs to run again
2021-07-27T21:29:50+00:00 INFO Running wc_update_340_state callback
2021-07-27T21:29:50+00:00 INFO wc_update_340_state callback needs to run again
2021-07-27T21:29:50+00:00 INFO Running wc_update_340_state callback
2021-07-27T21:29:51+00:00 INFO wc_update_340_state callback needs to run again
2021-07-27T21:29:51+00:00 INFO Running wc_update_340_state callback
2021-07-27T21:29:51+00:00 INFO wc_update_340_state callback needs to run again
2021-07-27T21:29:51+00:00 INFO Running wc_update_340_state callback
2021-07-27T21:29:51+00:00 INFO wc_update_340_state callback needs to run again
2021-07-27T21:29:51+00:00 INFO Running wc_update_340_state callback
2021-07-27T21:29:51+00:00 INFO wc_update_340_state callback needs to run again
2021-07-27T21:29:51+00:00 INFO Running wc_update_340_state callback
2021-07-27T21:29:51+00:00 INFO wc_update_340_state callback needs to run again
2021-07-27T21:29:51+00:00 INFO Running wc_update_340_state callback
2021-07-27T21:29:51+00:00 INFO wc_update_340_state callback needs to run again
2021-07-27T21:29:51+00:00 INFO Running wc_update_340_state callback
2021-07-27T21:29:51+00:00 INFO wc_update_340_state callback needs to run again
2021-07-27T21:29:51+00:00 INFO Running wc_update_340_state callback
2021-07-27T21:29:51+00:00 INFO wc_update_340_state callback needs to run again
2021-07-27T21:29:51+00:00 INFO Running wc_update_340_state callback
2021-07-27T21:29:51+00:00 INFO wc_update_340_state callback needs to run again
2021-07-27T21:29:51+00:00 INFO Running wc_update_340_state callback
2021-07-27T21:29:51+00:00 INFO wc_update_340_state callback needs to run again
2021-07-27T21:29:51+00:00 INFO Running wc_update_340_state callback
2021-07-27T21:29:51+00:00 INFO wc_update_340_state callback needs to run again
2021-07-27T21:29:51+00:00 INFO Running wc_update_340_state callback
2021-07-27T21:29:51+00:00 INFO wc_update_340_state callback needs to run again
2021-07-27T21:29:51+00:00 INFO Running wc_update_340_state callback
2021-07-27T21:29:51+00:00 INFO wc_update_340_state callback needs to run again
2021-07-27T21:29:51+00:00 INFO Running wc_update_340_state callback
2021-07-27T21:29:51+00:00 INFO wc_update_340_state callback needs to run again
2021-07-27T21:29:51+00:00 INFO Running wc_update_340_state callback
2021-07-27T21:29:51+00:00 INFO wc_update_340_state callback needs to run again
2021-07-27T21:29:51+00:00 INFO Running wc_update_340_state callback
2021-07-27T21:29:51+00:00 INFO wc_update_340_state callback needs to run again
2021-07-27T21:29:51+00:00 INFO Running wc_update_340_state callback
2021-07-27T21:29:51+00:00 INFO wc_update_340_state callback needs to run again
2021-07-27T21:29:51+00:00 INFO Running wc_update_340_state callback
2021-07-27T21:29:51+00:00 INFO wc_update_340_state callback needs to run again
2021-07-27T21:29:51+00:00 INFO Running wc_update_340_state callback
2021-07-27T21:29:51+00:00 INFO wc_update_340_state callback needs to run again
2021-07-27T21:29:51+00:00 INFO Running wc_update_340_state callback
2021-07-27T21:29:51+00:00 INFO wc_update_340_state callback needs to run again
2021-07-27T21:29:51+00:00 INFO Running wc_update_340_state callback
2021-07-27T21:29:51+00:00 INFO wc_update_340_state callback needs to run again
2021-07-27T21:29:51+00:00 INFO Running wc_update_340_state callback
2021-07-27T21:29:51+00:00 INFO wc_update_340_state callback needs to run again
2021-07-27T21:29:51+00:00 INFO Running wc_update_340_state callback
2021-07-27T21:29:51+00:00 INFO wc_update_340_state callback needs to run again
2021-07-27T21:29:51+00:00 INFO Running wc_update_340_state callback
2021-07-27T21:29:51+00:00 INFO wc_update_340_state callback needs to run again
2021-07-27T21:29:51+00:00 INFO Running wc_update_340_state callback
2021-07-27T21:29:51+00:00 INFO wc_update_340_state callback needs to run again
2021-07-27T21:29:51+00:00 INFO Running wc_update_340_state callback
2021-07-27T21:29:51+00:00 INFO wc_update_340_state callback needs to run again
2021-07-27T21:29:51+00:00 INFO Running wc_update_340_state callback
2021-07-27T21:29:51+00:00 INFO wc_update_340_state callback needs to run again
2021-07-27T21:29:51+00:00 INFO Running wc_update_340_state callback
2021-07-27T21:29:51+00:00 INFO wc_update_340_state callback needs to run again
2021-07-27T21:29:51+00:00 INFO Running wc_update_340_state callback
2021-07-27T21:29:51+00:00 INFO wc_update_340_state callback needs to run again
2021-07-27T21:29:51+00:00 INFO Running wc_update_340_state callback
2021-07-27T21:29:51+00:00 INFO wc_update_340_state callback needs to run again
2021-07-27T21:29:51+00:00 INFO Running wc_update_340_state callback
2021-07-27T21:29:51+00:00 INFO wc_update_340_state callback needs to run again
2021-07-27T21:29:51+00:00 INFO Running wc_update_340_state callback
2021-07-27T21:29:51+00:00 INFO wc_update_340_state callback needs to run again
2021-07-27T21:29:51+00:00 INFO Running wc_update_340_state callback
2021-07-27T21:29:51+00:00 INFO wc_update_340_state callback needs to run again
2021-07-27T21:29:51+00:00 INFO Running wc_update_340_state callback
2021-07-27T21:29:51+00:00 INFO wc_update_340_state callback needs to run again
2021-07-27T21:29:51+00:00 INFO Running wc_update_340_state callback
2021-07-27T21:29:51+00:00 INFO wc_update_340_state callback needs to run again
2021-07-27T21:29:51+00:00 INFO Running wc_update_340_state callback
2021-07-27T21:29:51+00:00 INFO wc_update_340_state callback needs to run again
2021-07-27T21:29:51+00:00 INFO Running wc_update_340_state callback
2021-07-27T21:29:51+00:00 INFO wc_update_340_state callback needs to run again
2021-07-27T21:29:51+00:00 INFO Running wc_update_340_state callback
2021-07-27T21:29:51+00:00 INFO wc_update_340_state callback needs to run again
2021-07-27T21:29:51+00:00 INFO Running wc_update_340_state callback
2021-07-27T21:29:51+00:00 INFO wc_update_340_state callback needs to run again
2021-07-27T21:29:51+00:00 INFO Running wc_update_340_state callback
2021-07-27T21:29:51+00:00 INFO wc_update_340_state callback needs to run again
2021-07-27T21:29:51+00:00 INFO Running wc_update_340_state callback
2021-07-27T21:29:51+00:00 INFO wc_update_340_state callback needs to run again
2021-07-27T21:29:51+00:00 INFO Running wc_update_340_state callback
2021-07-27T21:29:52+00:00 INFO wc_update_340_state callback needs to run again
2021-07-27T21:29:52+00:00 INFO Running wc_update_340_state callback
2021-07-27T21:29:52+00:00 INFO wc_update_340_state callback needs to run again
2021-07-27T21:29:52+00:00 INFO Running wc_update_340_state callback
2021-07-27T21:29:52+00:00 INFO wc_update_340_state callback needs to run again
2021-07-27T21:29:52+00:00 INFO Running wc_update_340_state callback
2021-07-27T21:29:52+00:00 INFO wc_update_340_state callback needs to run again
2021-07-27T21:29:52+00:00 INFO Running wc_update_340_state callback
2021-07-27T21:29:52+00:00 INFO wc_update_340_state callback needs to run again
2021-07-27T21:29:52+00:00 INFO Running wc_update_340_state callback
2021-07-27T21:29:52+00:00 INFO wc_update_340_state callback needs to run again
2021-07-27T21:29:52+00:00 INFO Running wc_update_340_state callback
2021-07-27T21:29:52+00:00 INFO wc_update_340_state callback needs to run again
2021-07-27T21:29:52+00:00 INFO Running wc_update_340_state callback
2021-07-27T21:29:52+00:00 INFO wc_update_340_state callback needs to run again
2021-07-27T21:29:52+00:00 INFO Running wc_update_340_state callback
2021-07-27T21:29:52+00:00 INFO wc_update_340_state callback needs to run again
2021-07-27T21:29:52+00:00 INFO Running wc_update_340_state callback
2021-07-27T21:29:52+00:00 INFO wc_update_340_state callback needs to run again
2021-07-27T21:29:52+00:00 INFO Running wc_update_340_state callback
2021-07-27T21:29:52+00:00 INFO wc_update_340_state callback needs to run again
2021-07-27T21:29:52+00:00 INFO Running wc_update_340_state callback
2021-07-27T21:29:52+00:00 INFO wc_update_340_state callback needs to run again
2021-07-27T21:29:52+00:00 INFO Running wc_update_340_state callback
2021-07-27T21:29:52+00:00 INFO wc_update_340_state callback needs to run again
2021-07-27T21:29:52+00:00 INFO Running wc_update_340_state callback
2021-07-27T21:29:52+00:00 INFO wc_update_340_state callback needs to run again
2021-07-27T21:29:52+00:00 INFO Running wc_update_340_state callback
2021-07-27T21:29:52+00:00 INFO wc_update_340_state callback needs to run again
2021-07-27T21:29:52+00:00 INFO Running wc_update_340_state callback
2021-07-27T21:29:52+00:00 INFO wc_update_340_state callback needs to run again
2021-07-27T21:29:52+00:00 INFO Running wc_update_340_state callback
2021-07-27T21:29:52+00:00 INFO wc_update_340_state callback needs to run again
2021-07-27T21:29:52+00:00 INFO Running wc_update_340_state callback
2021-07-27T21:29:52+00:00 INFO wc_update_340_state callback needs to run again
2021-07-27T21:29:52+00:00 INFO Running wc_update_340_state callback
2021-07-27T21:29:52+00:00 INFO wc_update_340_state callback needs to run again
2021-07-27T21:29:52+00:00 INFO Running wc_update_340_state callback
2021-07-27T21:29:52+00:00 INFO wc_update_340_state callback needs to run again
2021-07-27T21:29:52+00:00 INFO Running wc_update_340_state callback
2021-07-27T21:29:52+00:00 INFO wc_update_340_state callback needs to run again
2021-07-27T21:29:52+00:00 INFO Running wc_update_340_state callback
2021-07-27T21:29:52+00:00 INFO Finished running wc_update_340_state callback
2021-07-27T21:29:52+00:00 INFO Data update complete
